         w __deregister_frame_info
         w __register_frame_info
         w userAppExit
         w userAppInit
00000000 00000802 B __ctru_dev_utf16_buf
00000000 A __sync_synchronize
00000000 b _TLS_MODULE_BASE_
00000000 a shift
00000000 a shift
00000804 00000401 B __ctru_dev_path_buf
00100000 A __start__
00100000 T _start
00100008 T __service_ptr
0010000c T __apt_appid
00100010 T __heap_size
00100014 T __linear_heap_size
00100018 T __system_arglist
0010001c T __system_runflags
00100020 t startup
00100058 t ClearMem
0010006c t ClrLoop
00100094 T _init
001000ac t .udivsi3_skip_div0_test
001000ac T __aeabi_uidiv
001000ac 000001ec T __udivsi3
00100298 00000020 T __aeabi_uidivmod
001002b8 T __aeabi_idiv
001002b8 00000220 T __divsi3
001002c0 t .divsi3_skip_div0_test
001004d8 00000020 T __aeabi_idivmod
001004f8 00000004 W __aeabi_idiv0
001004f8 00000004 W __aeabi_ldiv0
001004fc T __aeabi_drsub
00100504 000002b0 T __aeabi_dsub
00100504 000002b0 T __subdf3
00100508 000002ac T __adddf3
00100508 000002ac T __aeabi_dadd
001007b4 00000024 T __aeabi_ui2d
001007b4 00000024 T __floatunsidf
001007d8 00000028 T __aeabi_i2d
001007d8 00000028 T __floatsidf
00100800 00000048 T __aeabi_f2d
00100800 00000048 T __extendsfdf2
00100848 00000074 T __aeabi_ul2d
00100848 00000074 T __floatundidf
0010085c 00000060 T __aeabi_l2d
0010085c 00000060 T __floatdidf
001008bc T __aeabi_ldivmod
00100990 T __aeabi_uldivmod
001009e8 00000390 T strcmp
00100d70 t __do_global_dtors_aux
00100dc0 t frame_dummy
00100dec 00000070 t parse_hex4
00100e5c 000003a4 t parse_string
00101200 0000006c t buffer_skip_whitespace
0010126c 000000e4 t get_object_item
00101350 000000ac T cJSON_Delete
00101400 00000568 t parse_value
00101968 000001dc T cJSON_ParseWithLengthOpts
00101b44 0000002c T cJSON_Parse
00101b70 00000008 T cJSON_GetObjectItem
00101b78 00000008 T cJSON_GetObjectItemCaseSensitive
00101b80 000000a0 T cJSON_CreateString
00101c20 00000018 T cJSON_IsString
00101c38 00000018 T cJSON_IsArray
00101c50 0000001c T gamepad_button_check_pressed
00101c6c 0000001c T gamepad_button_check
00101c88 0000001c T gamepad_button_check_released
00101ca4 000000e8 t input_convertstring
00101d8c 000007b4 t runner_apply_xy_code
00102540 00000010 T GML_SetRoot
00102550 000000cc T RunGML_create
0010261c 000000ec T RunGML_step
00102708 000000f4 T RunGML
001027fc 00000090 t GetSpriteNumberByName
0010288c 00000130 t GetCurrentRoomSize
001029bc 00000040 t GetFirstRoomName
001029fc 00000030 T runner_sprite_is_object
00102a2c 000009b0 T main
001033dc 00000044 t C2Di_FrameEndHook
00103420 0000036c T C2D_Init
0010378c 0000004c T C2D_Fini
001037d8 000000b8 T C2D_Prepare
00103890 00000048 T C2D_Flush
001038d8 00000104 T C2D_SceneSize
001039dc 00000058 T C2D_ViewReset
00103a34 0000003c T C2D_ViewTranslate
00103a70 00000038 T C2D_ViewScale
00103aa8 00000058 T C2D_CreateScreenTarget
00103b00 00000064 T C2D_TargetClear
00103b64 0000013c T C2Di_CalcQuad
00103ca0 00000058 T C2Di_AppendQuad
00103cf8 00000550 T C2Di_Update
00104248 000002b0 T C2D_DrawImage
001044f8 0000006c T C2D_SpriteSheetLoadFromHandle
00104564 00000048 T C2D_SpriteSheetLoad
001045ac 00000028 T C2D_SpriteSheetFree
001045d4 0000002c T C2D_SpriteSheetGetImage
00104600 00000028 T AttrInfo_Init
00104628 00000094 T AttrInfo_AddLoader
001046bc 00000054 T C3D_SetAttrInfo
00104710 00000080 T C3Di_AttrInfoBind
00104790 00000004 W C3Di_LightEnvUpdate
00104794 00000004 W C3Di_LightEnvDirty
00104798 000000b4 t C3Di_AptEventHook
0010484c 00000004 W C3Di_GasUpdate
00104850 000001d0 T C3D_Init
00104a20 00000098 T C3D_SetViewport
00104ab8 000004e8 T C3Di_UpdateContext
00104fa0 000000e0 T C3Di_SplitFrame
00105080 00000044 T C3D_Fini
001050c4 00000194 T C3D_BindProgram
00105258 00000024 T BufInfo_Init
0010527c 00000080 T BufInfo_Add
001052fc 0000003c T C3D_SetBufInfo
00105338 00000048 T C3Di_BufInfoBind
00105380 0000021c T C3D_DrawElements
0010559c 00000040 T C3D_DepthMap
001055dc 0000001c T C3D_CullFace
001055f8 00000040 T C3D_StencilTest
00105638 00000024 T C3D_StencilOp
0010565c 0000001c T C3D_BlendingColor
00105678 00000024 T C3D_EarlyDepthTest
0010569c 0000002c T C3D_DepthTest
001056c8 0000002c T C3D_AlphaTest
001056f4 00000050 T C3D_AlphaBlend
00105744 00000030 T C3D_FragOpMode
00105774 00000044 T C3D_FragOpShadow
001057b8 000001ac T C3Di_EffectBind
00105964 0000001c T C3D_CalcColorBufSize
00105980 0000001c T C3D_CalcDepthBufSize
0010599c 00000044 T C3D_SetFrameBuf
001059e0 0000016c T C3Di_FrameBufBind
00105b4c 000000c8 T C3D_FrameBufClear
00105c14 00000044 T C3D_FrameBufTransfer
00105c58 000000a8 T C3D_ImmSendAttrib
00105d00 00000070 T C3D_ProcTexInit
00105d70 00000054 T C3D_ProcTexBind
00105dc4 0000005c T C3D_ProcTexLutBind
00105e20 000000a4 T ProcTexLut_FromArray
00105ec4 00000178 T C3Di_ProcTexUpdate
0010603c 00000068 T C3Di_ProcTexDirty
001060a4 0000004c t onVBlank0
001060f0 0000004c t onVBlank1
0010613c 00000080 t C3Di_RenderTargetDestroy
001061bc 000000f4 t onQueueFinish
001062b0 00000038 T C3Di_RenderQueueEnableVBlank
001062e8 00000030 T C3Di_RenderQueueDisableVBlank
00106318 00000060 T C3Di_RenderQueueInit
00106378 000000b4 T C3Di_RenderQueueExit
0010642c 00000034 T C3Di_RenderQueueWaitDone
00106460 000000e8 T C3D_FrameBegin
00106548 00000048 T C3D_FrameDrawOn
00106590 00000058 T C3D_FrameSplit
001065e8 000001d0 T C3D_FrameEnd
001067b8 0000001c T C3D_FrameEndHook
001067d4 00000170 T C3D_RenderTargetCreate
00106944 000000a8 T C3D_RenderTargetSetOutput
001069ec 000000fc T C3D_SyncTextureCopy
00106ae8 000003d8 t Tex3DSi_ImportCommon
00106ec0 00000038 T Tex3DS_TextureImportStdio
00106ef8 0000001c T Tex3DS_GetSubTexture
00106f14 00000004 T Tex3DS_TextureFree
00106f18 00000034 T C3D_GetTexEnv
00106f4c 00000024 T C3Di_TexEnvBind
00106f70 00000290 T C3D_TexInitWithParams
00107200 000000c8 T C3D_TexLoadImage
001072c8 00000044 T C3D_TexBind
0010730c 00000074 T C3D_TexDelete
00107380 0000014c T C3Di_SetTex
001074cc 00000290 T C3D_UpdateUniforms
0010775c 000000c0 T C3Di_DirtyUniforms
0010781c 000000d8 T C3Di_LoadShaderUniforms
001078f4 00000028 T C3Di_ClearShaderUniforms
0010791c 000000cc T Mtx_Ortho
001079e8 000000cc T Mtx_OrthoTilt
00107ab4 00000038 T Mtx_Scale
00107aec 000000a4 T Mtx_Translate
00107b90 00000024 t addrMapNodeComparator(rbtree_node const*, rbtree_node const*)
00107bb4 00000004 t addrMapNodeDestructor(rbtree_node*)
00107bb8 0000012c T linearMemAlign
00107ce4 00000008 T linearAlloc
00107cec 0000005c T linearFree
00107d48 00000088 T MemPool::CoalesceRight(MemBlock*)
00107dd0 00000178 T MemPool::Allocate(MemChunk&, unsigned long, int)
00107f48 00000118 T MemPool::Deallocate(MemChunk const&)
00108060 00000030 T MemPool::GetFreeSpace()
00108090 00000024 t addrMapNodeComparator(rbtree_node const*, rbtree_node const*)
001080b4 00000004 t addrMapNodeDestructor(rbtree_node*)
001080b8 00000248 T vramMemAlignAt
00108300 0000000c T vramAlloc
0010830c 0000000c T vramAllocAt
00108318 00000094 T vramFree
001083ac 000001c8 T consoleDrawChar
00108574 00000170 T consolePrintChar
001086e4 00000c40 T con_write
00109324 00000110 t newRow
00109434 00000180 T consoleInit
001095b4 000000cc t gfxPresentFramebuffer
00109680 0000001c T gfxIsWide
0010969c 000000f8 T gfxSetScreenFormat
00109794 00000010 T gfxSetDoubleBuffering
001097a4 000000d8 T gfxInit
0010987c 00000010 T gfxInitDefault
0010988c 000000b8 T gfxExit
00109944 000000a0 T gfxGetFramebuffer
001099e4 00000100 T gfxFlushBuffers
00109ae4 00000028 T gfxScreenSwapBuffers
00109b0c 00000050 T gfxSwapBuffersGpu
00109b5c 00000074 T osConvertVirtToPhys
00109bd0 00000054 T osGetTimeRef
00109c24 000000ec T osGetTime
00109d10 00000034 T __ctru_speedup_config
00109d44 00000008 t romfs_close
00109d4c 000000ac t romfs_seek
00109df8 00000024 t romfs_dirreset
00109e1c 000000c0 t fill_dir
00109edc 000002ac t romfs_dirnext
0010a188 00000074 t romfs_free
0010a1fc 000000d0 t searchForFile.constprop.0
0010a2cc 000000d4 t searchForDir.constprop.0
0010a3a0 000001c0 t navigateToDir.constprop.0
0010a560 00000114 t romfs_open
0010a674 0000004c t romfs_chdir
0010a6c0 00000068 t romfs_diropen
0010a728 00000178 t romfs_stat
0010a8a0 00000008 t romfs_dirclose
0010a8a8 0000007c t romfs_fstat
0010a924 000000d0 t romfs_read
0010a9f4 0000028c T romfsMountFromFile
0010ac80 00000098 T romfsMountFromCurrentProcess
0010ad18 00000258 T romfsMountSelf
0010af70 000000a0 T romfsUnmount
0010b010 0000013c T GPUCMD_Add
0010b14c 000000b0 T GPUCMD_Split
0010b1fc 00000034 T f32tof16
0010b230 00000034 T f32tof24
0010b264 00000038 T f32tof31
0010b29c 00000010 T GX_BindQueue
0010b2ac 0000007c T GX_ProcessCommandList
0010b328 00000074 T GX_MemoryFill
0010b39c 00000074 T GX_DisplayTransfer
0010b410 00000078 T GX_TextureCopy
0010b488 00000064 t gxCmdQueueDoCommands.part.0
0010b4ec 000000e4 T gxCmdQueueInterrupt
0010b5d0 00000068 T gxCmdQueueClear
0010b638 00000108 T gxCmdQueueAdd
0010b740 00000080 T gxCmdQueueRun
0010b7c0 00000064 T gxCmdQueueStop
0010b824 0000008c T gxCmdQueueWait
0010b8b0 000001e0 T shaderInstanceInit
0010ba90 00000018 T shaderInstanceGetUniformLocation
0010baa8 0000001c T shaderProgramInit
0010bac4 00000074 T shaderProgramFree
0010bb38 00000094 T shaderProgramSetVsh
0010bbcc 000008d0 T shaderProgramConfigure
0010c49c 000001dc t DVLE_GenerateOutmap.part.0
0010c678 000001ac T DVLB_ParseFile
0010c824 00000050 T DVLB_Free
0010c874 00000074 T DVLE_GetUniformRegister
0010c8e8 00000180 t aptConvertScreenForCapture
0010ca68 00000008 W aptDspSleep
0010ca70 00000004 W aptDspWakeup
0010ca74 00000004 W aptDspCancel
0010ca78 00000138 T aptSendCommand
0010cbb0 00000044 t aptExitProcess
0010cbf4 00000394 T aptExit
0010cf88 000000d8 T aptHandleSleep
0010d060 00000034 T aptHook
0010d094 00000030 T aptUnhook
0010d0c4 00000084 T APT_SleepIfShellClosed
0010d148 00000078 T aptSetSleepAllowed
0010d1c0 00000084 T APT_UnlockTransition
0010d248 00000470 t aptEventHandler
0010d6b8 000000bc T APT_ReceiveParameter
0010d774 000000b0 t aptReceiveParameter.constprop.0
0010d828 00000294 t aptScreenTransfer
0010dabc 000002d0 t aptWaitForWakeUp.isra.0
0010dd8c 000000f4 T aptJumpToHomeMenu
0010de80 00000058 T aptMainLoop
0010ded8 00000240 T aptInit
0010e118 00000090 T APT_CheckNew3DS
0010e1a8 00000104 T fsInit
0010e2ac 0000003c T fsExit
0010e2e8 00000068 T fsExemptFromSession
0010e350 00000050 T fsUnexemptFromSession
0010e3a0 000000cc T FSUSER_OpenFile
0010e46c 000000cc T FSUSER_OpenFileDirectly
0010e538 000000b8 T FSUSER_DeleteFile
0010e5f0 000000f4 T FSUSER_RenameFile
0010e6e4 000000b8 T FSUSER_DeleteDirectory
0010e79c 000000d0 T FSUSER_CreateFile
0010e86c 000000c0 T FSUSER_CreateDirectory
0010e92c 000000f4 T FSUSER_RenameDirectory
0010ea20 000000b4 T FSUSER_OpenDirectory
0010ead4 00000090 T FSUSER_OpenArchive
0010eb64 0000008c T FSUSER_CloseArchive
0010ebf0 00000074 T FSUSER_GetSdmcArchiveResource
0010ec64 00000064 T FSUSER_IsSdmcWritable
0010ecc8 00000064 T FSFILE_Read
0010ed2c 0000006c T FSFILE_Write
0010ed98 00000044 T FSFILE_GetSize
0010eddc 00000028 T FSFILE_SetSize
0010ee04 0000003c T FSFILE_Close
0010ee40 00000024 T FSFILE_Flush
0010ee64 00000060 T FSDIR_Read
0010eec4 0000003c T FSDIR_Close
0010ef00 00000c70 t gspHardwareInit
0010fb70 00000280 T gspInit
0010fdf0 00000110 T gspExit
0010ff00 00000010 T gspHasGpuRight
0010ff10 000000a4 T gspPresentBuffer
0010ffb4 00000030 T gspSetEventCallback
0010ffe4 00000050 T gspWaitForEvent
00110034 0000004c T gspWaitForAnyEvent
00110080 00000154 t gspEventThreadMain
001101d4 0000012c T gspSubmitGxCommand
00110300 00000050 T GSPGPU_FlushDataCache
00110350 00000034 T GSPGPU_SetLcdForceBlack
00110384 00000080 T GSPGPU_AcquireRight
00110404 0000005c T GSPGPU_ReleaseRight
00110460 0000007c T GSPGPU_ImportDisplayCaptureInfo
001104dc 0000002c T GSPGPU_SaveVramSysArea
00110508 0000002c T GSPGPU_RestoreVramSysArea
00110534 00000024 W hidShouldUseIrrst
00110558 000001cc T hidInit
00110724 000000e8 T hidExit
0011080c 000002a0 T hidScanInput
00110aac 00000010 T hidKeysHeld
00110abc 00000010 T hidKeysDown
00110acc 00000010 T hidKeysUp
00110adc 000001a4 T irrstInit
00110c80 000000dc T irrstExit
00110d5c 000000b4 T irrstScanInput
00110e10 00000024 T irrstKeysHeld
00110e34 00000078 T ptmSysmInit
00110eac 0000003c T ptmSysmExit
00110ee8 00000034 T PTMSYSM_ConfigureNew3DSCPU
00110f1c 000000e0 t buffer_read
00110ffc 000000cc t iov_read
001110c8 00000164 t iov_memmove
0011122c 000001e0 t decompress_rle
0011140c 00000264 t decompress_lzss
00111670 00000418 t decompress_lz11
00111a88 0000031c t decompress_huff.isra.0
00111da4 00000010 T decompressCallback_Stdio
00111db4 000000e4 T decompressHeader
00111e98 0000021c T decompressV
001120b4 00000074 T rbtree_find
00112128 00000010 T rbtree_init
00112138 00000198 t do_insert
001122d0 00000008 T rbtree_insert
001122d8 00000310 T rbtree_remove
001125e8 00000090 T rbtree_rotate
00112678 000000e8 T utf16_to_utf8
00112760 000000c0 T utf8_to_utf16
00112820 000001e8 W __system_allocateHeaps
00112a08 00000038 W __libctru_init
00112a40 0000016c W __system_initArgv
00112bac 00000030 T __syscall_getreent
00112bdc 00000064 T __syscall_gettod_r
00112c40 00000004 T __syscall_lock_acquire
00112c44 00000004 T __syscall_lock_release
00112c48 00000004 T __syscall_lock_acquire_recursive
00112c4c 00000004 T __syscall_lock_release_recursive
00112c50 00000004 T __syscall_exit
00112c54 00000054 T initThreadVars
00112ca8 00000080 T __system_initSyscalls
00112d28 T svcControlMemory
00112d48 T svcQueryMemory
00112d78 T svcExitProcess
00112d80 T svcCreateThread
00112da0 T svcExitThread
00112da8 T svcSleepThread
00112db0 T svcReleaseMutex
00112db8 T svcCreateEvent
00112dcc T svcSignalEvent
00112dd4 T svcClearEvent
00112ddc T svcMapMemoryBlock
00112de4 T svcUnmapMemoryBlock
00112dec T svcCreateAddressArbiter
00112e00 T svcArbitrateAddressNoTimeout
00112e08 T svcCloseHandle
00112e10 T svcWaitSynchronization
00112e18 T svcWaitSynchronizationN
00112e40 T svcDuplicateHandle
00112e54 T svcGetSystemTick
00112e5c T svcConnectToPort
00112e70 T svcSendSyncRequest
00112e78 T svcGetResourceLimit
00112e8c T svcGetResourceLimitLimitValues
00112e94 T svcGetResourceLimitCurrentValues
00112e9c T svcBreak
00112ea4 T __aeabi_read_tp
00112eb0 W initSystem
00112f00 W __ctru_exit
00112f14 0000008c W envGetHandle
00112fa0 00000050 W envDestroyHandles
00112ff0 00000164 T srvInit
00113154 00000064 T srvExit
001131b8 00000060 T srvEnableNotification
00113218 000000a0 T srvGetServiceHandleDirect
001132b8 00000048 T srvGetServiceHandle
00113300 00000034 T srvSubscribe
00113334 00000060 T srvReceiveNotification
00113394 00000038 T srvPublishToSubscriber
001133cc 0000000c T __sync_init
001133d8 00000018 T __sync_fini
001133f0 00000028 T syncArbitrateAddress
00113418 000000ac T LightLock_Lock
001134c4 00000040 T LightLock_Unlock
00113504 00000054 T RecursiveLock_Lock
00113558 00000054 T RecursiveLock_Unlock
001135ac 00000044 T LightEvent_Init
001135f0 000000b8 T LightEvent_Clear
001136a8 000000dc T LightEvent_Signal
00113784 00000050 T LightEvent_TryWait
001137d4 000000ac T LightEvent_Wait
00113880 000001fc T threadCreate
00113a7c 00000038 T threadFree
00113ab4 00000024 T threadJoin
00113ad8 00000030 T threadGetCurrent
00113b08 00000040 T threadExit
00113b48 00000020 t _thread_begin
00113b68 00000090 t mappableFindAddressWithin
00113bf8 00000028 T mappableInit
00113c20 0000007c T mappableAlloc
00113c9c 00000004 T mappableFree
00113ca0 0000000c T srvPmGetSessionHandle
00113cac 00000060 T rbtree_node_next
00113d0c 00000054 T decode_utf16
00113d60 00000140 T decode_utf8
00113ea0 00000054 T encode_utf16
00113ef4 000000e0 T encode_utf8
00113fd4 00000030 W __appExit
00114004 00000030 W __appInit
00114034 00000090 W __libctru_exit
001140c4 00000014 t archive_link
001140d8 00000014 t archive_dirreset
001140ec 00000014 t archive_chmod
00114100 00000024 t error_cmp
00114124 00000050 t archive_translate_error
00114174 000000c0 t archive_seek
00114234 00000078 t _archiveInit.part.0
001142ac 000000d4 t archiveFindDevice.part.0
00114380 00000298 t archive_utf16path
00114618 00000098 t _archiveUnmountDeviceStruct.part.0
001146b0 00000014 t archive_statvfs
001146c4 00000014 t archive_fchmod
001146d8 00000178 t _archiveMountDevice
00114850 000000f8 t archive_diropen
00114948 000000ac t archive_fstat
001149f4 00000074 t archive_fsync
00114a68 00000074 t archive_close
00114adc 00000078 t archive_dirclose
00114b54 000000ec t sdmc_statvfs
00114c40 000000f8 t archive_chdir
00114d38 0000008c t archive_ftruncate
00114dc4 000000bc t archive_read
00114e80 000000a8 t archive_unlink
00114f28 000000c0 t archive_rmdir
00114fe8 000000d8 t archive_mkdir
001150c0 000001a0 t archive_stat
00115260 00000164 t archive_dirnext
001153c4 0000013c t archive_write
00115500 00000254 t archive_open
00115754 00000270 t archive_rename
001159c4 000001c8 T archiveMountSdmc
00115b8c 00000054 T archiveUnmountAll
00115be0 00000264 T sinf
00115e44 00000024 t with_errnof
00115e68 0000001c T __math_invalidf
00115e88 0000025c T cosf
001160e4 0000002c T __aeabi_d2lz
001160e4 0000002c T __fixdfdi
00116110 00000040 T __aeabi_d2ulz
00116110 00000040 T __fixunsdfdi
00116150 00000130 T __udivmoddi4
00116280 000000d8 T strncmp
00116358 00000140 T strchr
00116498 00000144 T _fclose_r
001165dc 00000020 T fclose
001165fc 00000060 t sulp
00116660 00001428 T _strtod_l
00117a88 00000048 T strtod
00117ad0 0000008c T strlen
00117b5c 000000f4 t rshift
00117c50 000008b4 T __gethex
00118504 000000d8 T memcmp
001185dc 0000001c t stdio_exit_handler
001185f8 0000005c t cleanup_stdio
00118654 00000154 t global_stdio_init.part.0
001187a8 00000138 T __sfp
001188e0 0000005c T __sinit
0011893c 0000000c T __sfp_lock_acquire
00118948 0000000c T __sfp_lock_release
00118954 000001ec t _strtoul_l.isra.0
00118b40 0000003c T strtoul
00118b7c 00000084 T __libc_init_array
00118c00 0000009c T strncat
00118c9c 00000070 T _fwalk_sglue
00118d0c 00000078 T bsearch
00118d84 0000000c T __errno
00118d90 00000028 T calloc
00118db8 000000e0 T _puts_r
00118e98 00000020 T puts
00118eb8 000000d8 T _calloc_r
00118f90 00000028 T realloc
00118fb8 00000020 T strdup
00118fd8 0000001c T _fseek_r
00118ff4 00000034 T fseek
00119028 00000028 T memalign
00119050 0000082c T _malloc_r
0011987c 00000114 T _malloc_trim_r
00119990 00000314 T _free_r
00119ca4 00000034 T printf
00119cd8 00000384 t _strtol_l.part.0
0011a05c 00000074 T strtol
0011a0d0 0000003c T strnlen
0011a10c 00000040 T malloc
0011a14c 00000020 T free
0011a16c 0000022c T __sflush_r
0011a398 000000c4 T _fflush_r
0011a45c 00000048 T time
0011a4a4 000000e4 T memset
0011a588 000004f0 T _realloc_r
0011aa78 00000054 T _strdup_r
0011aacc 00000334 T _fread_r
0011ae00 00000038 T fread
0011ae38 0000000c T __malloc_lock
0011ae44 0000000c T __malloc_unlock
0011ae50 00000004 W __call_exitprocs
0011ae54 00000030 T exit
0011ae84 00000294 T setvbuf
0011b118 00000134 T _fopen_r
0011b24c 00000028 T fopen
0011b274 000000d4 T strncpy
0011b348 00000034 T ftell
0011b37c 0000012c T memcpy
0011b4a8 00000028 T _wcsrtombs_r
0011b4d0 00000070 T __match
0011b540 000002a8 T __hexnan
0011b7e8 00000010 T nan
0011b7f8 00000088 T frexp
0011b880 000004a4 T __sfvwrite_r
0011bd24 00000044 T __sread
0011bd68 00000068 T __swrite
0011bdd0 00000040 T __sseek
0011be10 00000008 T __sclose
0011be18 0000016c T memmove
0011bf84 0000005c T __assert_func
0011bfe0 00000088 T _Balloc
0011c068 0000001c T _Bfree
0011c084 000000f4 T __multadd
0011c178 0000010c T __s2b
0011c284 00000080 T __hi0bits
0011c304 000000f0 T __lo0bits
0011c3f4 000000a4 T __i2b
0011c498 00000230 T __multiply
0011c6c8 00000130 T __pow5mult
0011c7f8 00000138 T __lshift
0011c930 00000058 T __mcmp
0011c988 00000218 T __mdiff
0011cba0 00000068 T __ulp
0011cc08 000000d4 T __b2d
0011ccdc 00000120 T __d2b
0011cdfc 00000078 T __ratio
0011ce74 0000008c T __copybits
0011cf00 0000005c T __any_on
0011cf5c 00000024 T __locale_mb_cur_max
0011cf80 0000003c T fiprintf
0011cfbc 0000016c T _memalign_r
0011d128 0000015c T _wcsnrtombs_l
0011d284 00000064 T _wcsnrtombs_r
0011d2e8 00000340 T __utf8_mbtowc
0011d628 00000588 T _fseeko_r
0011dbb0 00000014 T abort
0011dbc4 00000024 T _localeconv_r
0011dbe8 000005e0 t get_arg
0011e1c8 00003554 T _vfprintf_r
0012171c 000000b4 t __sbprintf
001217d0 000000e8 T memchr
001218b8 000001c0 t quorem
00121a78 00001420 T _dtoa_r
00122e98 000000a0 T _wcrtomb_r
00122f38 000000b8 T __sflags
00122ff0 0000003c T __libc_fini_array
0012302c 00000038 t lflush
00123064 000001a8 T __srefill_r
0012320c 00000164 T __smakebuf_r
00123370 00000090 T __swhatbuf_r
00123400 000001c4 T _ftello_r
001235c4 000000f8 T __utf8_wctomb
001236bc 00000140 T __swsetup_r
001237fc 0000009c T _raise_r
00123898 00000020 T raise
001238b8 000005e0 t get_arg
00123e98 000022f8 T _vfiprintf_r
00126190 000000b4 t __sbprintf
00126244 00000030 T __sprint_r
00126274 00000020 T _exit
00126294 00000140 T chdir
001263d4 000001c8 T _concatenate_path
0012659c 0000009c T _fstat_r
00126638 00000014 T _getpid_r
0012664c 0000002c T __getreent
00126678 00000030 T _gettimeofday_r
001266a8 000000a0 T __release_handle
00126748 000000b0 T __alloc_handle
001267f8 00000058 T __get_handle
00126850 00000110 T _close_r
00126960 00000008 t null_write
00126968 00000018 T setDefaultDevice
00126980 000000c4 T FindDevice
00126a44 00000028 T RemoveDevice
00126a6c 00000098 T AddDevice
00126b04 00000020 T GetDeviceOpTab
00126b24 00000008 T _isatty_r
00126b2c 00000014 T _kill_r
00126b40 00000094 T _lseek_r
00126bd4 000000c0 T _open_r
00126c94 00000094 T _read_r
00126d28 00000078 W _sbrk_r
00126da0 0000001c T __libc_lock_acquire
00126dbc 0000001c T __libc_lock_release
00126dd8 0000001c T __libc_lock_acquire_recursive
00126df4 0000001c T __libc_lock_release_recursive
00126e10 00000094 T _write_r
00126ea4 00000048 T strrchr
00126eec T _fini
001275c0 r .LC2
00127638 00000008 r s_defaultTint.0
00127640 R render2d_shbin
001277cc R render2d_shbin_end
001277cc R render2d_shbin_size
001277d0 00000004 r depthFmtSizes
001277d4 00000005 r colorFmtSizes
001277dc 00000010 r CSWTCH.11
001277ec 00000038 r CSWTCH.19
00127990 00000080 r dotab_stdout
00127a10 00000018 r grayScale
00127a28 00000006 r colorCube
00127a30 00000030 r colorTable
00127a60 00000080 r romFS_devoptab
00127b08 00000008 r morton_y.2
00127b10 00000008 r morton_x.3
00127b18 00000008 r s_sleepWakeEvents.4
00127b20 0000000c r serviceNameTable.5
00127b50 R default_font_bin
00128350 R default_font_bin_end
00128350 00000030 r error_table
00128380 00000080 r archive_devoptab
00128400 00000060 R __inv_pio4
00128460 000000e0 R __sincosf_table
001285a4 00000014 r fpinan.0
001285b8 00000014 r fpi.1
001285d0 00000028 r tinytens
001285f8 00000100 R __hexdig
001286f8 00000101 R _ctype_
001287fc 0000006c R __action_table
00128868 0000006c R __state_table
001288d4 00000100 R __chclass
001289d4 0000000c r p05.0
001289e0 00000028 R __mprec_bigtens
00128a08 000000c8 R __mprec_tens
00128bf8 00000010 r zeroes.0
00128c08 00000010 r blanks.1
00128d0c 00000010 r zeroes.0
00128d1c 00000010 r blanks.1
00128d2c 00000080 R dotab_stdnull
00128dac R __tdata_align
00128db0 r __EH_FRAME_BEGIN__
00128db0 R __exidx_end
00128db0 R __exidx_start
00129000 0000000c d global_hooks
0012900c 00000004 D CurrentRoom
00129010 00000004 D cam_w
00129014 00000004 D cam_h
00129018 00000008 d framerateCounter
00129020 00000004 d framerate
00129024 00000001 d firstConsoleInit.0
00129028 00000004 D currentConsole
0012902c 00000048 D defaultConsole
00129074 00000004 d queueLock
00129078 00000004 d aptChainloadDeliverArgSize
0012907c 00000004 d kCount
00129080 00000004 d kInterval
00129084 00000004 d kDelay
00129088 W __stacksize__
0012908c 0000000c D __sglue
00129098 00000004 D __malloc_sbrk_base
0012909c 00000004 D __malloc_trim_threshold
001290a0 00000408 D __malloc_av_
001294a8 00000004 D _impure_ptr
001294b0 00000140 D _impure_data
001295f0 0000016c D __global_locale
0012975c 00000400 d _current_working_directory
00129b60 00001000 d handles
0012ab60 0000000c d __stderr_handle
0012ab6c 0000000c d __stdout_handle
0012ab78 0000000c d __stdin_handle
0012ab84 0000008c D devoptab_list
0012ac10 00000004 d defaultDevice
0012ac1c d _GLOBAL_OFFSET_TABLE_
0012ac28 d __frame_dummy_init_array_entry
0012ac28 D __init_array_start
0012ac28 B __preinit_array_end
0012ac28 B __preinit_array_start
0012ac28 D __tdata_lma
0012ac28 D __tdata_lma_end
0012ac2c d __do_global_dtors_aux_fini_array_entry
0012ac2c D __fini_array_start
0012ac2c D __init_array_end
0012ac30 D __bss_start__
0012ac30 D __fini_array_end
0012ac30 00000008 b global_error
0012ac38 0000000f b version.0
0012ac48 00000004 b root
0012ac4c 00000004 b create_cursor.3
0012ac50 000003e8 b did_create.2
0012b038 00000004 b step_cursor.1
0012b03c 000003e8 b ran_this_frame.0
0012b424 00000004 B SpriteCount
0012b428 000003e8 b sprite_is_object
0012b810 00000004 B spriteSheet
0012b814 00000fa0 B sprite_object_id
0012c7b4 00000004 B g_keysDown
0012c7b8 00000004 B g_keysHeld
0012c7bc 00000004 B g_keysUp
0012c7c0 00000004 B cam_y
0012c7c4 00000004 B cam_x
0012c7c8 00009c40 B sprites
00136408 b completed.1
0013640c b object.0
00136428 000005a8 B __C2Di_Context
001369d0 00000040 b s_projBot
00136a10 00000040 b s_projTop
00136a50 00000004 b uLoc_mdlvMtx
00136a54 00000004 b uLoc_projMtx
00136a58 0000000c b hookCookie
00136a68 000002d0 B __C3D_Context
00136d38 00000004 b frameEndCbData
00136d3c 00000004 b frameEndCb
00136d40 00000008 b frameCounter
00136d48 00000001 b isTopStereo
00136d49 00000001 b needSwapBot
00136d4a 00000001 b needSwapTop
00136d4b 00000001 b measureGpuTime
00136d4c 00000001 b inSafeTransfer
00136d4d 00000001 b inFrame
00136d50 00000010 b cpuTime
00136d60 00000010 b gpuTime
00136d70 0000000c b linkedTarget
00136d7c 00000004 b lastTarget
00136d80 00000004 b firstTarget
00136d84 00000008 b C3Di_IVUnifEverDirty
00136d8c 000000c0 b C3Di_FVUnifEverDirty
00136e4c 00000018 b C3Di_ShaderFVecData
00136e64 00000002 B C3D_BoolUnifsDirty
00136e68 00000008 B C3D_IVUnifDirty
00136e70 000000c0 B C3D_FVUnifDirty
00136f30 00000004 B C3D_BoolUnifs
00136f34 00000020 B C3D_IVUnif
00136f54 00000c00 B C3D_FVUnif
00137b58 00000008 b sLinearPool
00137b60 0000000c b sAddrMap
00137b70 00000008 b sVramPoolB
00137b78 00000008 b sVramPoolA
00137b80 0000000c b sAddrMap
00137b8c 00000064 b escapeSeq
00137bf0 00000048 B currentCopy
00137c38 00000004 b screenAlloc
00137c3c 00000004 b screenFree
00137c40 00000002 b gfxIsDoubleBuf
00137c44 00000002 b gfxCurBuf
00137c46 00000001 b gfxIsVram
00137c47 00000001 b gfxTopMode
00137c48 00000002 b gfxFramebufferFormats
00137c4c 00000004 b gfxBottomFramebufferMaxSize
00137c50 00000004 b gfxTopFramebufferMaxSize
00137c58 00000008 b gfxBottomFramebuffers
00137c60 00000008 b gfxTopFramebuffers
00137c68 00000001 V __ctru_speedup
00137c6c 00000004 b romfs_mount_list
00137c70 00000004 V __romfs_path
00137c74 00000004 B gpuCmdBufOffset
00137c78 00000004 B gpuCmdBufSize
00137c7c 00000004 B gpuCmdBuf
00137c80 00000004 b boundQueue
00137c84 00000001 b shouldStop
00137c85 00000001 b isRunning
00137c86 00000001 b isActive
00137c88 00000004 b curQueue
00137c8c 00000001 b flagValue.0
00137c8d 00000001 b flagInit.1
00137c90 00000004 b serviceName.6
00137c94 00000001 b aptChainloadFlags
00137c95 00000001 b aptChainloadMediatype
00137c98 00000020 b aptChainloadHmac
00137cb8 00000300 b aptChainloadDeliverArg
00137fb8 00000008 b aptChainloadTid
00137fc0 00001000 b aptParameters
00138fc0 00000004 b aptFlags
00138fc4 00000001 b aptHomeButtonState
00138fc8 00000004 b aptMessageFuncData
00138fcc 00000004 b aptMessageFunc
00138fd0 0000000c b aptFirstHook
00138fdc 00000001 b aptEventHandlerThreadQuit
00138fe0 00000004 b aptEventHandlerThread
00138fe4 00000008 b aptSleepEvent
00138fec 00000008 b aptReceiveEvent
00138ff4 00000008 b aptEvents
00138ffc 00000004 b aptLockHandle
00139000 00000004 b aptRefCount
00139008 00000080 b fsExemptArchives
00139088 00000004 b fsuRefCount
0013908c 00000004 b fsuHandle
00139090 00000007 b gspEventCbOneShot
00139098 0000001c b gspEventCbData
001390b4 0000001c b gspEventCb
001390d0 00000038 b gspEvents
00139108 00000004 b gspLastEvent
0013910c 00000001 b gspRunEvents
00139110 00000004 b gspEventThread
00139114 00000004 b gspEvent
00139118 00000001 b gspGpuRight
00139119 00000001 b gspThreadId
0013911c 00000004 b gspSharedMem
00139120 00000004 b gspSharedMemHandle
00139124 00000004 b gspRefCount
00139128 00000004 b gspGpuHandle
0013912c 00000001 b usingIrrst
00139130 00000004 b hidRefCount
00139134 00000006 b gRate
0013913c 00000006 b aVec
00139144 00000004 b cPos
00139148 00000004 b tPos
0013914c 00000004 b kRepeat
00139150 00000004 b kUp
00139154 00000004 b kDown
00139158 00000004 b kHeld
0013915c 00000004 b kOld
00139160 00000004 B hidSharedMem
00139164 00000014 B hidEvents
00139178 00000004 B hidMemHandle
0013917c 00000004 B hidHandle
00139180 00000004 b irrstRefCount
00139184 00000004 b csPos
00139188 00000004 b kHeld
0013918c 00000004 B irrstSharedMem
00139190 00000004 B irrstEvent
00139194 00000004 B irrstMemHandle
00139198 00000004 B irrstHandle
0013919c 00000004 b ptmSysmRefCount
001391a0 00000004 b ptmSysmHandle
001391a4 00000004 V __ctru_linear_heap_size
001391a8 00000004 V __ctru_heap_size
001391ac 00000004 B __ctru_linear_heap
001391b0 00000004 B __ctru_heap
001391b4 00000004 B __system_retAddr
001391b8 00000004 B __system_argv
001391bc 00000004 B __system_argc
001391c0 b saved_stack
001391c8 00000004 B __3dslink_host
001391cc 00000004 b srvRefCount
001391d0 00000004 b srvHandle
001391d4 00000004 b arbiter
001391d8 00000004 b currentAddr
001391dc 00000004 b maxAddr
001391e0 00000004 b minAddr
001391e4 00000004 b srvPmHandle
001391e8 000005c0 b archive_devices
001397a8 00000004 b archive_device_cwd
001397ac 00000001 b archive_initialized
001397b0 0000000c b __sfp_recursive_mutex
001397c0 00000168 B __sf
00139928 00000004 B __stdio_exit_handler
0013992c 00000028 B __malloc_current_mallinfo
00139954 00000004 B __malloc_max_total_mem
00139958 00000004 B __malloc_max_sbrked_mem
0013995c 00000004 B __malloc_top_pad
00139960 0000000c b __malloc_recursive_mutex
0013996c 00000400 b temp_cwd
00139d6c 00000004 b __hndl_lock
00139d70 00000004 B fake_heap_start
00139d74 00000004 B fake_heap_end
00139d78 00000004 b heap_start.0
00139d7c B __tls_start
0013a984 B __bss_end__
0013a984 A __end__
0013a984 B __tls_end
