         w __deregister_frame_info
         w __register_frame_info
         w userAppExit
         w userAppInit
00000000 00000802 B __ctru_dev_utf16_buf
00000000 A __sync_synchronize
00000000 b _TLS_MODULE_BASE_
00000000 a shift
00000000 a shift
00000804 00000401 B __ctru_dev_path_buf
00100000 A __start__
00100000 T _start
00100008 T __service_ptr
0010000c T __apt_appid
00100010 T __heap_size
00100014 T __linear_heap_size
00100018 T __system_arglist
0010001c T __system_runflags
00100020 t startup
00100058 t ClearMem
0010006c t ClrLoop
00100094 T _init
001000ac t .udivsi3_skip_div0_test
001000ac T __aeabi_uidiv
001000ac 000001ec T __udivsi3
00100298 00000020 T __aeabi_uidivmod
001002b8 T __aeabi_idiv
001002b8 00000220 T __divsi3
001002c0 t .divsi3_skip_div0_test
001004d8 00000020 T __aeabi_idivmod
001004f8 00000004 W __aeabi_idiv0
001004f8 00000004 W __aeabi_ldiv0
001004fc T __aeabi_drsub
00100504 000002b0 T __aeabi_dsub
00100504 000002b0 T __subdf3
00100508 000002ac T __adddf3
00100508 000002ac T __aeabi_dadd
001007b4 00000024 T __aeabi_ui2d
001007b4 00000024 T __floatunsidf
001007d8 00000028 T __aeabi_i2d
001007d8 00000028 T __floatsidf
00100800 00000048 T __aeabi_f2d
00100800 00000048 T __extendsfdf2
00100848 00000074 T __aeabi_ul2d
00100848 00000074 T __floatundidf
0010085c 00000060 T __aeabi_l2d
0010085c 00000060 T __floatdidf
001008bc T __aeabi_ldivmod
00100990 T __aeabi_uldivmod
001009e8 00000390 T strcmp
00100d70 t __do_global_dtors_aux
00100dc0 t frame_dummy
00100dec 00000070 t parse_hex4
00100e5c 000003a4 t parse_string
00101200 0000006c t buffer_skip_whitespace
0010126c 000000e4 t get_object_item
00101350 000000ac T cJSON_Delete
00101400 00000568 t parse_value
00101968 000001dc T cJSON_ParseWithLengthOpts
00101b44 0000002c T cJSON_Parse
00101b70 00000008 T cJSON_GetObjectItem
00101b78 00000008 T cJSON_GetObjectItemCaseSensitive
00101b80 000000a0 T cJSON_CreateString
00101c20 00000018 T cJSON_IsString
00101c38 00000018 T cJSON_IsArray
00101c50 000000e8 T scr_renderframe_3DS
00101d38 000000e0 T scr_drawroom_assets_3DS
00101e18 0000001c T gamepad_button_check_pressed
00101e34 0000001c T gamepad_button_check
00101e50 0000001c T gamepad_button_check_released
00101e6c 000000e8 t input_convertstring
00101f54 000005b8 t runner_apply_if_code
0010250c 0000024c t runner_apply_xy_code
00102758 00000218 t runner_apply_roomgoto_code
00102970 00000010 T GML_SetRoot
00102980 000000cc T RunGML_create
00102a4c 000000ec T RunGML_step
00102b38 000000f4 T RunGML
00102c2c 00000130 t GetCurrentRoomSize
00102d5c 00000040 t GetFirstRoomName
00102d9c 00000090 T GetSpriteNumberByName
00102e2c 00000130 T GetCurrentRoomBgColor_3DS
00102f5c 00000030 T runner_sprite_is_object
00102f8c 000005a8 T InitCurrentRoom
00103534 000002b8 T main
001037ec 00000008 T is_running3DS
001037f4 00000008 T is_runningWiiU
001037fc 00000044 t C2Di_FrameEndHook
00103840 0000036c T C2D_Init
00103bac 0000004c T C2D_Fini
00103bf8 000000b8 T C2D_Prepare
00103cb0 00000048 T C2D_Flush
00103cf8 00000104 T C2D_SceneSize
00103dfc 00000058 T C2D_ViewReset
00103e54 0000003c T C2D_ViewTranslate
00103e90 00000038 T C2D_ViewScale
00103ec8 00000058 T C2D_CreateScreenTarget
00103f20 00000064 T C2D_TargetClear
00103f84 0000013c T C2Di_CalcQuad
001040c0 00000058 T C2Di_AppendQuad
00104118 00000550 T C2Di_Update
00104668 000002b0 T C2D_DrawImage
00104918 0000006c T C2D_SpriteSheetLoadFromHandle
00104984 00000048 T C2D_SpriteSheetLoad
001049cc 00000028 T C2D_SpriteSheetFree
001049f4 0000002c T C2D_SpriteSheetGetImage
00104a20 00000028 T AttrInfo_Init
00104a48 00000094 T AttrInfo_AddLoader
00104adc 00000054 T C3D_SetAttrInfo
00104b30 00000080 T C3Di_AttrInfoBind
00104bb0 00000004 W C3Di_LightEnvUpdate
00104bb4 00000004 W C3Di_LightEnvDirty
00104bb8 000000b4 t C3Di_AptEventHook
00104c6c 00000004 W C3Di_GasUpdate
00104c70 000001d0 T C3D_Init
00104e40 00000098 T C3D_SetViewport
00104ed8 000004e8 T C3Di_UpdateContext
001053c0 000000e0 T C3Di_SplitFrame
001054a0 00000044 T C3D_Fini
001054e4 00000194 T C3D_BindProgram
00105678 00000024 T BufInfo_Init
0010569c 00000080 T BufInfo_Add
0010571c 0000003c T C3D_SetBufInfo
00105758 00000048 T C3Di_BufInfoBind
001057a0 0000021c T C3D_DrawElements
001059bc 00000040 T C3D_DepthMap
001059fc 0000001c T C3D_CullFace
00105a18 00000040 T C3D_StencilTest
00105a58 00000024 T C3D_StencilOp
00105a7c 0000001c T C3D_BlendingColor
00105a98 00000024 T C3D_EarlyDepthTest
00105abc 0000002c T C3D_DepthTest
00105ae8 0000002c T C3D_AlphaTest
00105b14 00000050 T C3D_AlphaBlend
00105b64 00000030 T C3D_FragOpMode
00105b94 00000044 T C3D_FragOpShadow
00105bd8 000001ac T C3Di_EffectBind
00105d84 0000001c T C3D_CalcColorBufSize
00105da0 0000001c T C3D_CalcDepthBufSize
00105dbc 00000044 T C3D_SetFrameBuf
00105e00 0000016c T C3Di_FrameBufBind
00105f6c 000000c8 T C3D_FrameBufClear
00106034 00000044 T C3D_FrameBufTransfer
00106078 000000a8 T C3D_ImmSendAttrib
00106120 00000070 T C3D_ProcTexInit
00106190 00000054 T C3D_ProcTexBind
001061e4 0000005c T C3D_ProcTexLutBind
00106240 000000a4 T ProcTexLut_FromArray
001062e4 00000178 T C3Di_ProcTexUpdate
0010645c 00000068 T C3Di_ProcTexDirty
001064c4 0000004c t onVBlank0
00106510 0000004c t onVBlank1
0010655c 00000080 t C3Di_RenderTargetDestroy
001065dc 000000f4 t onQueueFinish
001066d0 00000038 T C3Di_RenderQueueEnableVBlank
00106708 00000030 T C3Di_RenderQueueDisableVBlank
00106738 00000060 T C3Di_RenderQueueInit
00106798 000000b4 T C3Di_RenderQueueExit
0010684c 00000034 T C3Di_RenderQueueWaitDone
00106880 000000e8 T C3D_FrameBegin
00106968 00000048 T C3D_FrameDrawOn
001069b0 00000058 T C3D_FrameSplit
00106a08 000001d0 T C3D_FrameEnd
00106bd8 0000001c T C3D_FrameEndHook
00106bf4 00000170 T C3D_RenderTargetCreate
00106d64 000000a8 T C3D_RenderTargetSetOutput
00106e0c 000000fc T C3D_SyncTextureCopy
00106f08 000003d8 t Tex3DSi_ImportCommon
001072e0 00000038 T Tex3DS_TextureImportStdio
00107318 0000001c T Tex3DS_GetSubTexture
00107334 00000004 T Tex3DS_TextureFree
00107338 00000034 T C3D_GetTexEnv
0010736c 00000024 T C3Di_TexEnvBind
00107390 00000290 T C3D_TexInitWithParams
00107620 000000c8 T C3D_TexLoadImage
001076e8 00000044 T C3D_TexBind
0010772c 00000074 T C3D_TexDelete
001077a0 0000014c T C3Di_SetTex
001078ec 00000290 T C3D_UpdateUniforms
00107b7c 000000c0 T C3Di_DirtyUniforms
00107c3c 000000d8 T C3Di_LoadShaderUniforms
00107d14 00000028 T C3Di_ClearShaderUniforms
00107d3c 000000cc T Mtx_Ortho
00107e08 000000cc T Mtx_OrthoTilt
00107ed4 00000038 T Mtx_Scale
00107f0c 000000a4 T Mtx_Translate
00107fb0 00000024 t addrMapNodeComparator(rbtree_node const*, rbtree_node const*)
00107fd4 00000004 t addrMapNodeDestructor(rbtree_node*)
00107fd8 0000012c T linearMemAlign
00108104 00000008 T linearAlloc
0010810c 0000005c T linearFree
00108168 00000088 T MemPool::CoalesceRight(MemBlock*)
001081f0 00000178 T MemPool::Allocate(MemChunk&, unsigned long, int)
00108368 00000118 T MemPool::Deallocate(MemChunk const&)
00108480 00000030 T MemPool::GetFreeSpace()
001084b0 00000024 t addrMapNodeComparator(rbtree_node const*, rbtree_node const*)
001084d4 00000004 t addrMapNodeDestructor(rbtree_node*)
001084d8 00000248 T vramMemAlignAt
00108720 0000000c T vramAlloc
0010872c 0000000c T vramAllocAt
00108738 00000094 T vramFree
001087cc 000001c8 T consoleDrawChar
00108994 00000170 T consolePrintChar
00108b04 00000c40 T con_write
00109744 00000110 t newRow
00109854 00000180 T consoleInit
001099d4 000000cc t gfxPresentFramebuffer
00109aa0 0000001c T gfxIsWide
00109abc 000000f8 T gfxSetScreenFormat
00109bb4 00000010 T gfxSetDoubleBuffering
00109bc4 000000d8 T gfxInit
00109c9c 00000010 T gfxInitDefault
00109cac 000000b8 T gfxExit
00109d64 000000a0 T gfxGetFramebuffer
00109e04 00000100 T gfxFlushBuffers
00109f04 00000028 T gfxScreenSwapBuffers
00109f2c 00000050 T gfxSwapBuffersGpu
00109f7c 00000074 T osConvertVirtToPhys
00109ff0 00000054 T osGetTimeRef
0010a044 000000ec T osGetTime
0010a130 00000034 T __ctru_speedup_config
0010a164 00000008 t romfs_close
0010a16c 000000ac t romfs_seek
0010a218 00000024 t romfs_dirreset
0010a23c 000000c0 t fill_dir
0010a2fc 000002ac t romfs_dirnext
0010a5a8 00000074 t romfs_free
0010a61c 000000d0 t searchForFile.constprop.0
0010a6ec 000000d4 t searchForDir.constprop.0
0010a7c0 000001c0 t navigateToDir.constprop.0
0010a980 00000114 t romfs_open
0010aa94 0000004c t romfs_chdir
0010aae0 00000068 t romfs_diropen
0010ab48 00000178 t romfs_stat
0010acc0 00000008 t romfs_dirclose
0010acc8 0000007c t romfs_fstat
0010ad44 000000d0 t romfs_read
0010ae14 0000028c T romfsMountFromFile
0010b0a0 00000098 T romfsMountFromCurrentProcess
0010b138 00000258 T romfsMountSelf
0010b390 000000a0 T romfsUnmount
0010b430 0000013c T GPUCMD_Add
0010b56c 000000b0 T GPUCMD_Split
0010b61c 00000034 T f32tof16
0010b650 00000034 T f32tof24
0010b684 00000038 T f32tof31
0010b6bc 00000010 T GX_BindQueue
0010b6cc 0000007c T GX_ProcessCommandList
0010b748 00000074 T GX_MemoryFill
0010b7bc 00000074 T GX_DisplayTransfer
0010b830 00000078 T GX_TextureCopy
0010b8a8 00000064 t gxCmdQueueDoCommands.part.0
0010b90c 000000e4 T gxCmdQueueInterrupt
0010b9f0 00000068 T gxCmdQueueClear
0010ba58 00000108 T gxCmdQueueAdd
0010bb60 00000080 T gxCmdQueueRun
0010bbe0 00000064 T gxCmdQueueStop
0010bc44 0000008c T gxCmdQueueWait
0010bcd0 000001e0 T shaderInstanceInit
0010beb0 00000018 T shaderInstanceGetUniformLocation
0010bec8 0000001c T shaderProgramInit
0010bee4 00000074 T shaderProgramFree
0010bf58 00000094 T shaderProgramSetVsh
0010bfec 000008d0 T shaderProgramConfigure
0010c8bc 000001dc t DVLE_GenerateOutmap.part.0
0010ca98 000001ac T DVLB_ParseFile
0010cc44 00000050 T DVLB_Free
0010cc94 00000074 T DVLE_GetUniformRegister
0010cd08 00000008 W aptDspSleep
0010cd10 00000004 W aptDspWakeup
0010cd14 00000004 W aptDspCancel
0010cd18 00000138 T aptSendCommand
0010ce50 00000044 t aptExitProcess
0010ce94 00000394 T aptExit
0010d228 00000034 T aptHook
0010d25c 00000030 T aptUnhook
0010d28c 00000084 T APT_SleepIfShellClosed
0010d310 00000084 T APT_UnlockTransition
0010d398 00000470 t aptEventHandler
0010d808 000000bc T APT_ReceiveParameter
0010d8c4 000000b0 t aptReceiveParameter.constprop.0
0010d974 000002d0 t aptWaitForWakeUp.isra.0
0010dc44 00000240 T aptInit
0010de84 00000090 T APT_CheckNew3DS
0010df14 00000104 T fsInit
0010e018 0000003c T fsExit
0010e054 00000068 T fsExemptFromSession
0010e0bc 00000050 T fsUnexemptFromSession
0010e10c 000000cc T FSUSER_OpenFile
0010e1d8 000000cc T FSUSER_OpenFileDirectly
0010e2a4 000000b8 T FSUSER_DeleteFile
0010e35c 000000f4 T FSUSER_RenameFile
0010e450 000000b8 T FSUSER_DeleteDirectory
0010e508 000000d0 T FSUSER_CreateFile
0010e5d8 000000c0 T FSUSER_CreateDirectory
0010e698 000000f4 T FSUSER_RenameDirectory
0010e78c 000000b4 T FSUSER_OpenDirectory
0010e840 00000090 T FSUSER_OpenArchive
0010e8d0 0000008c T FSUSER_CloseArchive
0010e95c 00000074 T FSUSER_GetSdmcArchiveResource
0010e9d0 00000064 T FSUSER_IsSdmcWritable
0010ea34 00000064 T FSFILE_Read
0010ea98 0000006c T FSFILE_Write
0010eb04 00000044 T FSFILE_GetSize
0010eb48 00000028 T FSFILE_SetSize
0010eb70 0000003c T FSFILE_Close
0010ebac 00000024 T FSFILE_Flush
0010ebd0 00000060 T FSDIR_Read
0010ec30 0000003c T FSDIR_Close
0010ec6c 00000c70 t gspHardwareInit
0010f8dc 00000280 T gspInit
0010fb5c 00000110 T gspExit
0010fc6c 00000010 T gspHasGpuRight
0010fc7c 000000a4 T gspPresentBuffer
0010fd20 00000030 T gspSetEventCallback
0010fd50 00000050 T gspWaitForEvent
0010fda0 0000004c T gspWaitForAnyEvent
0010fdec 00000154 t gspEventThreadMain
0010ff40 0000012c T gspSubmitGxCommand
0011006c 00000050 T GSPGPU_FlushDataCache
001100bc 00000034 T GSPGPU_SetLcdForceBlack
001100f0 00000080 T GSPGPU_AcquireRight
00110170 0000002c T GSPGPU_RestoreVramSysArea
0011019c 00000024 W hidShouldUseIrrst
001101c0 000001cc T hidInit
0011038c 000000e8 T hidExit
00110474 000002a0 T hidScanInput
00110714 00000010 T hidKeysHeld
00110724 00000010 T hidKeysDown
00110734 00000010 T hidKeysUp
00110744 000001a4 T irrstInit
001108e8 000000dc T irrstExit
001109c4 000000b4 T irrstScanInput
00110a78 00000024 T irrstKeysHeld
00110a9c 00000078 T ptmSysmInit
00110b14 0000003c T ptmSysmExit
00110b50 00000034 T PTMSYSM_ConfigureNew3DSCPU
00110b84 000000e0 t buffer_read
00110c64 000000cc t iov_read
00110d30 00000164 t iov_memmove
00110e94 000001e0 t decompress_rle
00111074 00000264 t decompress_lzss
001112d8 00000418 t decompress_lz11
001116f0 0000031c t decompress_huff.isra.0
00111a0c 00000010 T decompressCallback_Stdio
00111a1c 000000e4 T decompressHeader
00111b00 0000021c T decompressV
00111d1c 00000074 T rbtree_find
00111d90 00000010 T rbtree_init
00111da0 00000198 t do_insert
00111f38 00000008 T rbtree_insert
00111f40 00000310 T rbtree_remove
00112250 00000090 T rbtree_rotate
001122e0 000000e8 T utf16_to_utf8
001123c8 000000c0 T utf8_to_utf16
00112488 000001e8 W __system_allocateHeaps
00112670 00000038 W __libctru_init
001126a8 0000016c W __system_initArgv
00112814 00000030 T __syscall_getreent
00112844 00000064 T __syscall_gettod_r
001128a8 00000004 T __syscall_lock_acquire
001128ac 00000004 T __syscall_lock_release
001128b0 00000004 T __syscall_lock_acquire_recursive
001128b4 00000004 T __syscall_lock_release_recursive
001128b8 00000004 T __syscall_exit
001128bc 00000054 T initThreadVars
00112910 00000080 T __system_initSyscalls
00112990 T svcControlMemory
001129b0 T svcQueryMemory
001129e0 T svcExitProcess
001129e8 T svcCreateThread
00112a08 T svcExitThread
00112a10 T svcSleepThread
00112a18 T svcReleaseMutex
00112a20 T svcCreateEvent
00112a34 T svcSignalEvent
00112a3c T svcClearEvent
00112a44 T svcMapMemoryBlock
00112a4c T svcUnmapMemoryBlock
00112a54 T svcCreateAddressArbiter
00112a68 T svcArbitrateAddressNoTimeout
00112a70 T svcCloseHandle
00112a78 T svcWaitSynchronization
00112a80 T svcWaitSynchronizationN
00112aa8 T svcDuplicateHandle
00112abc T svcGetSystemTick
00112ac4 T svcConnectToPort
00112ad8 T svcSendSyncRequest
00112ae0 T svcGetResourceLimit
00112af4 T svcGetResourceLimitLimitValues
00112afc T svcGetResourceLimitCurrentValues
00112b04 T svcBreak
00112b0c T __aeabi_read_tp
00112b18 W initSystem
00112b68 W __ctru_exit
00112b7c 0000008c W envGetHandle
00112c08 00000050 W envDestroyHandles
00112c58 00000164 T srvInit
00112dbc 00000064 T srvExit
00112e20 00000060 T srvEnableNotification
00112e80 000000a0 T srvGetServiceHandleDirect
00112f20 00000048 T srvGetServiceHandle
00112f68 00000034 T srvSubscribe
00112f9c 00000060 T srvReceiveNotification
00112ffc 00000038 T srvPublishToSubscriber
00113034 0000000c T __sync_init
00113040 00000018 T __sync_fini
00113058 00000028 T syncArbitrateAddress
00113080 000000ac T LightLock_Lock
0011312c 00000040 T LightLock_Unlock
0011316c 00000054 T RecursiveLock_Lock
001131c0 00000054 T RecursiveLock_Unlock
00113214 00000044 T LightEvent_Init
00113258 000000b8 T LightEvent_Clear
00113310 000000dc T LightEvent_Signal
001133ec 00000050 T LightEvent_TryWait
0011343c 000000ac T LightEvent_Wait
001134e8 000001fc T threadCreate
001136e4 00000038 T threadFree
0011371c 00000024 T threadJoin
00113740 00000030 T threadGetCurrent
00113770 00000040 T threadExit
001137b0 00000020 t _thread_begin
001137d0 00000090 t mappableFindAddressWithin
00113860 00000028 T mappableInit
00113888 0000007c T mappableAlloc
00113904 00000004 T mappableFree
00113908 0000000c T srvPmGetSessionHandle
00113914 00000060 T rbtree_node_next
00113974 00000054 T decode_utf16
001139c8 00000140 T decode_utf8
00113b08 00000054 T encode_utf16
00113b5c 000000e0 T encode_utf8
00113c3c 00000030 W __appExit
00113c6c 00000030 W __appInit
00113c9c 00000090 W __libctru_exit
00113d2c 00000014 t archive_link
00113d40 00000014 t archive_dirreset
00113d54 00000014 t archive_chmod
00113d68 00000024 t error_cmp
00113d8c 00000050 t archive_translate_error
00113ddc 000000c0 t archive_seek
00113e9c 00000078 t _archiveInit.part.0
00113f14 000000d4 t archiveFindDevice.part.0
00113fe8 00000298 t archive_utf16path
00114280 00000098 t _archiveUnmountDeviceStruct.part.0
00114318 00000014 t archive_statvfs
0011432c 00000014 t archive_fchmod
00114340 00000178 t _archiveMountDevice
001144b8 000000f8 t archive_diropen
001145b0 000000ac t archive_fstat
0011465c 00000074 t archive_fsync
001146d0 00000074 t archive_close
00114744 00000078 t archive_dirclose
001147bc 000000ec t sdmc_statvfs
001148a8 000000f8 t archive_chdir
001149a0 0000008c t archive_ftruncate
00114a2c 000000bc t archive_read
00114ae8 000000a8 t archive_unlink
00114b90 000000c0 t archive_rmdir
00114c50 000000d8 t archive_mkdir
00114d28 000001a0 t archive_stat
00114ec8 00000164 t archive_dirnext
0011502c 0000013c t archive_write
00115168 00000254 t archive_open
001153bc 00000270 t archive_rename
0011562c 000001c8 T archiveMountSdmc
001157f4 00000054 T archiveUnmountAll
00115848 00000264 T sinf
00115aac 00000024 t with_errnof
00115ad0 0000001c T __math_invalidf
00115af0 0000025c T cosf
00115d4c 0000002c T __aeabi_d2lz
00115d4c 0000002c T __fixdfdi
00115d78 00000040 T __aeabi_d2ulz
00115d78 00000040 T __fixunsdfdi
00115db8 00000130 T __udivmoddi4
00115ee8 000000d8 T strncmp
00115fc0 00000140 T strchr
00116100 00000144 T _fclose_r
00116244 00000020 T fclose
00116264 00000060 t sulp
001162c8 00001428 T _strtod_l
001176f0 00000048 T strtod
00117738 0000008c T strlen
001177c4 000000f4 t rshift
001178b8 000008b4 T __gethex
0011816c 000000d8 T memcmp
00118244 0000001c t stdio_exit_handler
00118260 0000005c t cleanup_stdio
001182bc 00000154 t global_stdio_init.part.0
00118410 00000138 T __sfp
00118548 0000005c T __sinit
001185a4 0000000c T __sfp_lock_acquire
001185b0 0000000c T __sfp_lock_release
001185bc 000001ec t _strtoul_l.isra.0
001187a8 0000003c T strtoul
001187e4 00000084 T __libc_init_array
00118868 0000009c T strncat
00118904 00000070 T _fwalk_sglue
00118974 00000078 T bsearch
001189ec 0000000c T __errno
001189f8 00000028 T calloc
00118a20 000000e0 T _puts_r
00118b00 00000020 T puts
00118b20 000000d8 T _calloc_r
00118bf8 00000028 T realloc
00118c20 00000020 T strdup
00118c40 0000001c T _fseek_r
00118c5c 00000034 T fseek
00118c90 00000028 T memalign
00118cb8 0000082c T _malloc_r
001194e4 00000114 T _malloc_trim_r
001195f8 00000314 T _free_r
0011990c 00000034 T printf
00119940 00000384 t _strtol_l.part.0
00119cc4 00000074 T strtol
00119d38 0000003c T strnlen
00119d74 00000040 T malloc
00119db4 00000020 T free
00119dd4 0000022c T __sflush_r
0011a000 000000c4 T _fflush_r
0011a0c4 00000048 T time
0011a10c 000000e4 T memset
0011a1f0 000004f0 T _realloc_r
0011a6e0 00000054 T _strdup_r
0011a734 00000334 T _fread_r
0011aa68 00000038 T fread
0011aaa0 0000000c T __malloc_lock
0011aaac 0000000c T __malloc_unlock
0011aab8 00000004 W __call_exitprocs
0011aabc 00000030 T exit
0011aaec 00000294 T setvbuf
0011ad80 00000134 T _fopen_r
0011aeb4 00000028 T fopen
0011aedc 000000d4 T strncpy
0011afb0 00000034 T ftell
0011afe4 0000012c T memcpy
0011b110 00000028 T _wcsrtombs_r
0011b138 00000070 T __match
0011b1a8 000002a8 T __hexnan
0011b450 00000010 T nan
0011b460 00000088 T frexp
0011b4e8 000004a4 T __sfvwrite_r
0011b98c 00000044 T __sread
0011b9d0 00000068 T __swrite
0011ba38 00000040 T __sseek
0011ba78 00000008 T __sclose
0011ba80 0000016c T memmove
0011bbec 0000005c T __assert_func
0011bc48 00000088 T _Balloc
0011bcd0 0000001c T _Bfree
0011bcec 000000f4 T __multadd
0011bde0 0000010c T __s2b
0011beec 00000080 T __hi0bits
0011bf6c 000000f0 T __lo0bits
0011c05c 000000a4 T __i2b
0011c100 00000230 T __multiply
0011c330 00000130 T __pow5mult
0011c460 00000138 T __lshift
0011c598 00000058 T __mcmp
0011c5f0 00000218 T __mdiff
0011c808 00000068 T __ulp
0011c870 000000d4 T __b2d
0011c944 00000120 T __d2b
0011ca64 00000078 T __ratio
0011cadc 0000008c T __copybits
0011cb68 0000005c T __any_on
0011cbc4 00000024 T __locale_mb_cur_max
0011cbe8 0000003c T fiprintf
0011cc24 0000016c T _memalign_r
0011cd90 0000015c T _wcsnrtombs_l
0011ceec 00000064 T _wcsnrtombs_r
0011cf50 00000340 T __utf8_mbtowc
0011d290 00000588 T _fseeko_r
0011d818 00000014 T abort
0011d82c 00000024 T _localeconv_r
0011d850 000005e0 t get_arg
0011de30 00003554 T _vfprintf_r
00121384 000000b4 t __sbprintf
00121438 000000e8 T memchr
00121520 000001c0 t quorem
001216e0 00001420 T _dtoa_r
00122b00 000000a0 T _wcrtomb_r
00122ba0 000000b8 T __sflags
00122c58 0000003c T __libc_fini_array
00122c94 00000038 t lflush
00122ccc 000001a8 T __srefill_r
00122e74 00000164 T __smakebuf_r
00122fd8 00000090 T __swhatbuf_r
00123068 000001c4 T _ftello_r
0012322c 000000f8 T __utf8_wctomb
00123324 00000140 T __swsetup_r
00123464 0000009c T _raise_r
00123500 00000020 T raise
00123520 000005e0 t get_arg
00123b00 000022f8 T _vfiprintf_r
00125df8 000000b4 t __sbprintf
00125eac 00000030 T __sprint_r
00125edc 00000020 T _exit
00125efc 00000140 T chdir
0012603c 000001c8 T _concatenate_path
00126204 0000009c T _fstat_r
001262a0 00000014 T _getpid_r
001262b4 0000002c T __getreent
001262e0 00000030 T _gettimeofday_r
00126310 000000a0 T __release_handle
001263b0 000000b0 T __alloc_handle
00126460 00000058 T __get_handle
001264b8 00000110 T _close_r
001265c8 00000008 t null_write
001265d0 00000018 T setDefaultDevice
001265e8 000000c4 T FindDevice
001266ac 00000028 T RemoveDevice
001266d4 00000098 T AddDevice
0012676c 00000020 T GetDeviceOpTab
0012678c 00000008 T _isatty_r
00126794 00000014 T _kill_r
001267a8 00000094 T _lseek_r
0012683c 000000c0 T _open_r
001268fc 00000094 T _read_r
00126990 00000078 W _sbrk_r
00126a08 0000001c T __libc_lock_acquire
00126a24 0000001c T __libc_lock_release
00126a40 0000001c T __libc_lock_acquire_recursive
00126a5c 0000001c T __libc_lock_release_recursive
00126a78 00000094 T _write_r
00126b0c 00000048 T strrchr
00126b54 T _fini
00127604 r .LC2
0012767c 00000008 r s_defaultTint.0
00127684 R render2d_shbin
00127810 R render2d_shbin_end
00127810 R render2d_shbin_size
00127814 00000004 r depthFmtSizes
00127818 00000005 r colorFmtSizes
00127820 00000010 r CSWTCH.11
00127830 00000038 r CSWTCH.19
001279d4 00000080 r dotab_stdout
00127a54 00000018 r grayScale
00127a6c 00000006 r colorCube
00127a74 00000030 r colorTable
00127aa4 00000080 r romFS_devoptab
00127b4c 00000008 r s_sleepWakeEvents.4
00127b54 0000000c r serviceNameTable.5
00127b84 R default_font_bin
00128384 R default_font_bin_end
00128384 00000030 r error_table
001283b4 00000080 r archive_devoptab
00128434 00000060 R __inv_pio4
00128498 000000e0 R __sincosf_table
001285dc 00000014 r fpinan.0
001285f0 00000014 r fpi.1
00128608 00000028 r tinytens
00128630 00000100 R __hexdig
00128730 00000101 R _ctype_
00128834 0000006c R __action_table
001288a0 0000006c R __state_table
0012890c 00000100 R __chclass
00128a0c 0000000c r p05.0
00128a18 00000028 R __mprec_bigtens
00128a40 000000c8 R __mprec_tens
00128c30 00000010 r zeroes.0
00128c40 00000010 r blanks.1
00128d44 00000010 r zeroes.0
00128d54 00000010 r blanks.1
00128d64 00000080 R dotab_stdnull
00128de4 R __tdata_align
00128de8 r __EH_FRAME_BEGIN__
00128de8 R __exidx_end
00128de8 R __exidx_start
00129000 0000000c d global_hooks
0012900c 00000004 D CurrentRoom
00129010 00000004 D data_json
00129014 00000004 D cam_w
00129018 00000004 D cam_h
0012901c 00000008 d framerateCounter
00129024 00000004 d framerate
00129028 00000001 d firstConsoleInit.0
0012902c 00000004 D currentConsole
00129030 00000048 D defaultConsole
00129078 00000004 d queueLock
0012907c 00000004 d aptChainloadDeliverArgSize
00129080 00000004 d kCount
00129084 00000004 d kInterval
00129088 00000004 d kDelay
0012908c W __stacksize__
00129090 0000000c D __sglue
0012909c 00000004 D __malloc_sbrk_base
001290a0 00000004 D __malloc_trim_threshold
001290a8 00000408 D __malloc_av_
001294b0 00000004 D _impure_ptr
001294b8 00000140 D _impure_data
001295f8 0000016c D __global_locale
00129764 00000400 d _current_working_directory
00129b68 00001000 d handles
0012ab68 0000000c d __stderr_handle
0012ab74 0000000c d __stdout_handle
0012ab80 0000000c d __stdin_handle
0012ab8c 0000008c D devoptab_list
0012ac18 00000004 d defaultDevice
0012ac24 d _GLOBAL_OFFSET_TABLE_
0012ac30 d __frame_dummy_init_array_entry
0012ac30 D __init_array_start
0012ac30 B __preinit_array_end
0012ac30 B __preinit_array_start
0012ac30 D __tdata_lma
0012ac30 D __tdata_lma_end
0012ac34 d __do_global_dtors_aux_fini_array_entry
0012ac34 D __fini_array_start
0012ac34 D __init_array_end
0012ac38 D __bss_start__
0012ac38 D __fini_array_end
0012ac38 00000008 b global_error
0012ac40 0000000f b version.0
0012ac50 00000004 b root
0012ac54 00000004 b create_cursor.3
0012ac58 000003e8 b did_create.2
0012b040 00000004 b step_cursor.1
0012b044 000003e8 b ran_this_frame.0
0012b42c 00000004 B SpriteCount
0012b430 000003e8 b sprite_is_object
0012b818 00000fa0 B sprite_object_id
0012c7b8 00000004 B spriteSheet
0012c7bc 00000004 B g_keysDown
0012c7c0 00000004 B g_keysHeld
0012c7c4 00000004 B g_keysUp
0012c7c8 00000004 B cam_y
0012c7cc 00000004 B cam_x
0012c7d0 00009c40 B sprites
00136410 b completed.1
00136414 b object.0
00136430 000005a8 B __C2Di_Context
001369d8 00000040 b s_projBot
00136a18 00000040 b s_projTop
00136a58 00000004 b uLoc_mdlvMtx
00136a5c 00000004 b uLoc_projMtx
00136a60 0000000c b hookCookie
00136a70 000002d0 B __C3D_Context
00136d40 00000004 b frameEndCbData
00136d44 00000004 b frameEndCb
00136d48 00000008 b frameCounter
00136d50 00000001 b isTopStereo
00136d51 00000001 b needSwapBot
00136d52 00000001 b needSwapTop
00136d53 00000001 b measureGpuTime
00136d54 00000001 b inSafeTransfer
00136d55 00000001 b inFrame
00136d58 00000010 b cpuTime
00136d68 00000010 b gpuTime
00136d78 0000000c b linkedTarget
00136d84 00000004 b lastTarget
00136d88 00000004 b firstTarget
00136d8c 00000008 b C3Di_IVUnifEverDirty
00136d94 000000c0 b C3Di_FVUnifEverDirty
00136e54 00000018 b C3Di_ShaderFVecData
00136e6c 00000002 B C3D_BoolUnifsDirty
00136e70 00000008 B C3D_IVUnifDirty
00136e78 000000c0 B C3D_FVUnifDirty
00136f38 00000004 B C3D_BoolUnifs
00136f3c 00000020 B C3D_IVUnif
00136f5c 00000c00 B C3D_FVUnif
00137b60 00000008 b sLinearPool
00137b68 0000000c b sAddrMap
00137b78 00000008 b sVramPoolB
00137b80 00000008 b sVramPoolA
00137b88 0000000c b sAddrMap
00137b94 00000064 b escapeSeq
00137bf8 00000048 B currentCopy
00137c40 00000004 b screenAlloc
00137c44 00000004 b screenFree
00137c48 00000002 b gfxIsDoubleBuf
00137c4c 00000002 b gfxCurBuf
00137c4e 00000001 b gfxIsVram
00137c4f 00000001 b gfxTopMode
00137c50 00000002 b gfxFramebufferFormats
00137c54 00000004 b gfxBottomFramebufferMaxSize
00137c58 00000004 b gfxTopFramebufferMaxSize
00137c60 00000008 b gfxBottomFramebuffers
00137c68 00000008 b gfxTopFramebuffers
00137c70 00000001 V __ctru_speedup
00137c74 00000004 b romfs_mount_list
00137c78 00000004 V __romfs_path
00137c7c 00000004 B gpuCmdBufOffset
00137c80 00000004 B gpuCmdBufSize
00137c84 00000004 B gpuCmdBuf
00137c88 00000004 b boundQueue
00137c8c 00000001 b shouldStop
00137c8d 00000001 b isRunning
00137c8e 00000001 b isActive
00137c90 00000004 b curQueue
00137c94 00000001 b flagValue.0
00137c95 00000001 b flagInit.1
00137c98 00000004 b serviceName.6
00137c9c 00000001 b aptChainloadFlags
00137c9d 00000001 b aptChainloadMediatype
00137ca0 00000020 b aptChainloadHmac
00137cc0 00000300 b aptChainloadDeliverArg
00137fc0 00000008 b aptChainloadTid
00137fc8 00001000 b aptParameters
00138fc8 00000004 b aptFlags
00138fcc 00000001 b aptHomeButtonState
00138fd0 00000004 b aptMessageFuncData
00138fd4 00000004 b aptMessageFunc
00138fd8 0000000c b aptFirstHook
00138fe4 00000001 b aptEventHandlerThreadQuit
00138fe8 00000004 b aptEventHandlerThread
00138fec 00000008 b aptSleepEvent
00138ff4 00000008 b aptReceiveEvent
00138ffc 00000008 b aptEvents
00139004 00000004 b aptLockHandle
00139008 00000004 b aptRefCount
00139010 00000080 b fsExemptArchives
00139090 00000004 b fsuRefCount
00139094 00000004 b fsuHandle
00139098 00000007 b gspEventCbOneShot
001390a0 0000001c b gspEventCbData
001390bc 0000001c b gspEventCb
001390d8 00000038 b gspEvents
00139110 00000004 b gspLastEvent
00139114 00000001 b gspRunEvents
00139118 00000004 b gspEventThread
0013911c 00000004 b gspEvent
00139120 00000001 b gspGpuRight
00139121 00000001 b gspThreadId
00139124 00000004 b gspSharedMem
00139128 00000004 b gspSharedMemHandle
0013912c 00000004 b gspRefCount
00139130 00000004 b gspGpuHandle
00139134 00000001 b usingIrrst
00139138 00000004 b hidRefCount
0013913c 00000006 b gRate
00139144 00000006 b aVec
0013914c 00000004 b cPos
00139150 00000004 b tPos
00139154 00000004 b kRepeat
00139158 00000004 b kUp
0013915c 00000004 b kDown
00139160 00000004 b kHeld
00139164 00000004 b kOld
00139168 00000004 B hidSharedMem
0013916c 00000014 B hidEvents
00139180 00000004 B hidMemHandle
00139184 00000004 B hidHandle
00139188 00000004 b irrstRefCount
0013918c 00000004 b csPos
00139190 00000004 b kHeld
00139194 00000004 B irrstSharedMem
00139198 00000004 B irrstEvent
0013919c 00000004 B irrstMemHandle
001391a0 00000004 B irrstHandle
001391a4 00000004 b ptmSysmRefCount
001391a8 00000004 b ptmSysmHandle
001391ac 00000004 V __ctru_linear_heap_size
001391b0 00000004 V __ctru_heap_size
001391b4 00000004 B __ctru_linear_heap
001391b8 00000004 B __ctru_heap
001391bc 00000004 B __system_retAddr
001391c0 00000004 B __system_argv
001391c4 00000004 B __system_argc
001391c8 b saved_stack
001391d0 00000004 B __3dslink_host
001391d4 00000004 b srvRefCount
001391d8 00000004 b srvHandle
001391dc 00000004 b arbiter
001391e0 00000004 b currentAddr
001391e4 00000004 b maxAddr
001391e8 00000004 b minAddr
001391ec 00000004 b srvPmHandle
001391f0 000005c0 b archive_devices
001397b0 00000004 b archive_device_cwd
001397b4 00000001 b archive_initialized
001397b8 0000000c b __sfp_recursive_mutex
001397c8 00000168 B __sf
00139930 00000004 B __stdio_exit_handler
00139934 00000028 B __malloc_current_mallinfo
0013995c 00000004 B __malloc_max_total_mem
00139960 00000004 B __malloc_max_sbrked_mem
00139964 00000004 B __malloc_top_pad
00139968 0000000c b __malloc_recursive_mutex
00139974 00000400 b temp_cwd
00139d74 00000004 b __hndl_lock
00139d78 00000004 B fake_heap_start
00139d7c 00000004 B fake_heap_end
00139d80 00000004 b heap_start.0
00139d84 B __tls_start
0013a98c B __bss_end__
0013a98c A __end__
0013a98c B __tls_end
